Copyright 1986-2022 Xilinx, Inc. All Rights Reserved.
------------------------------------------------------------------------------------------
| Tool Version : Vivado v.2022.2 (win64) Build 3671981 Fri Oct 14 05:00:03 MDT 2022
| Date         : Thu Nov  2 22:38:48 2023
| Host         : DESKTOP-SA1D2UB running 64-bit major release  (build 9200)
| Command      : report_control_sets -verbose -file Quartus_synth_control_sets_placed.rpt
| Design       : Quartus_synth
| Device       : xc7a35t
------------------------------------------------------------------------------------------

Control Set Information

Table of Contents
-----------------
1. Summary
2. Histogram
3. Flip-Flop Distribution
4. Detailed Control Set Information

1. Summary
----------

+----------------------------------------------------------+-------+
|                          Status                          | Count |
+----------------------------------------------------------+-------+
| Total control sets                                       |    34 |
|    Minimum number of control sets                        |    34 |
|    Addition due to synthesis replication                 |     0 |
|    Addition due to physical synthesis replication        |     0 |
| Unused register locations in slices containing registers |   134 |
+----------------------------------------------------------+-------+
* Control sets can be merged at opt_design using control_set_merge or merge_equivalent_drivers
** Run report_qor_suggestions for automated merging and remapping suggestions


2. Histogram
------------

+--------------------+-------+
|       Fanout       | Count |
+--------------------+-------+
| Total control sets |    34 |
| >= 0 to < 4        |     8 |
| >= 4 to < 6        |     2 |
| >= 6 to < 8        |     3 |
| >= 8 to < 10       |     3 |
| >= 10 to < 12      |     1 |
| >= 12 to < 14      |     5 |
| >= 14 to < 16      |     1 |
| >= 16              |    11 |
+--------------------+-------+
* Control sets can be remapped at either synth_design or opt_design


3. Flip-Flop Distribution
-------------------------

+--------------+-----------------------+------------------------+-----------------+--------------+
| Clock Enable | Synchronous Set/Reset | Asynchronous Set/Reset | Total Registers | Total Slices |
+--------------+-----------------------+------------------------+-----------------+--------------+
| No           | No                    | No                     |               1 |            1 |
| No           | No                    | Yes                    |             115 |           40 |
| No           | Yes                   | No                     |               0 |            0 |
| Yes          | No                    | No                     |               4 |            2 |
| Yes          | No                    | Yes                    |            1002 |          217 |
| Yes          | Yes                   | No                     |               0 |            0 |
+--------------+-----------------------+------------------------+-----------------+--------------+


4. Detailed Control Set Information
-----------------------------------

+----------------------+--------------------------------------------------------------------------------------------------------+------------------+------------------+----------------+--------------+
|     Clock Signal     |                                              Enable Signal                                             | Set/Reset Signal | Slice Load Count | Bel Load Count | Bels / Slice |
+----------------------+--------------------------------------------------------------------------------------------------------+------------------+------------------+----------------+--------------+
| ~JA_OBUF_BUFG[3]     | g_OLED_interface/g_Nbit_MOSI_SPI_Buffer_Combined/g_Nbit_MOSI_SPI/o_CS_i_1_n_1                          | btnC_IBUF        |                1 |              1 |         1.00 |
| ~JA_OBUF_BUFG[3]     | g_OLED_interface/g_Nbit_MOSI_SPI_Buffer_Combined/g_Nbit_MOSI_SPI/o_DC0                                 | btnC_IBUF        |                1 |              1 |         1.00 |
| ~JA_OBUF_BUFG[3]     | g_OLED_interface/g_Nbit_MOSI_SPI_Buffer_Combined/g_Nbit_MOSI_SPI/o_MOSI_i_1_n_1                        | btnC_IBUF        |                1 |              1 |         1.00 |
|  JA_OBUF_BUFG[3]     | g_OLED_interface/o_RES_i_1_n_1                                                                         | btnC_IBUF        |                1 |              1 |         1.00 |
| ~JA_OBUF_BUFG[3]     |                                                                                                        |                  |                1 |              1 |         1.00 |
| ~JA_OBUF_BUFG[3]     |                                                                                                        | btnC_IBUF        |                1 |              2 |         2.00 |
| ~CLK100MHZ_IBUF_BUFG |                                                                                                        | btnC_IBUF        |                1 |              2 |         2.00 |
|  JA_OBUF_BUFG[3]     | g_OLED_interface/o_VCCEN_i_1_n_1                                                                       | btnC_IBUF        |                1 |              2 |         2.00 |
|  n_0_1298_BUFG       | g_RMS/g_TaskControl/E[0]                                                                               | btnC_IBUF        |                1 |              4 |         4.00 |
|  JA_OBUF_BUFG[3]     | g_OLED_interface/g_Nbit_MOSI_SPI_Buffer_Combined/g_Nbit_MOSI_SPI_Buffer/s_DC_reg_0                     |                  |                2 |              4 |         2.00 |
|  JA_OBUF_BUFG[3]     | g_OLED_interface/g_Nbit_MOSI_SPI_Buffer_Combined/g_Nbit_MOSI_SPI_Buffer/s_state_reg_reg[0]_rep__3[0]   | btnC_IBUF        |                1 |              6 |         6.00 |
|  JA_OBUF_BUFG[3]     | g_OLED_interface/p_0_in[31]                                                                            | btnC_IBUF        |                1 |              6 |         6.00 |
|  JA_OBUF_BUFG[3]     | g_OLED_interface/p_0_in[15]                                                                            | btnC_IBUF        |                1 |              7 |         7.00 |
|  JA_OBUF_BUFG[3]     | g_OLED_interface/g_Nbit_MOSI_SPI_Buffer_Combined/g_Nbit_MOSI_SPI/s_state_reg_reg[1][0]                 | btnC_IBUF        |                3 |              8 |         2.67 |
|  JA_OBUF_BUFG[3]     | g_OLED_interface/g_Nbit_MOSI_SPI_Buffer_Combined/g_Nbit_MOSI_SPI_Buffer/s_state_reg_reg[0]_rep__3_1[0] | btnC_IBUF        |                2 |              8 |         4.00 |
|  JA_OBUF_BUFG[3]     | g_OLED_interface/g_Nbit_MOSI_SPI_Buffer_Combined/g_Nbit_MOSI_SPI_Buffer/s_state_reg_reg[0]_rep__3_0[0] | btnC_IBUF        |                2 |              8 |         4.00 |
| ~JA_OBUF_BUFG[3]     | g_OLED_interface/g_Nbit_MOSI_SPI_Buffer_Combined/g_Nbit_MOSI_SPI/s_bit_reg                             | btnC_IBUF        |                3 |             11 |         3.67 |
|  n_0_1298_BUFG       | g_RMS/g_task3_TaskStateReg/E[0]                                                                        | btnC_IBUF        |                2 |             12 |         6.00 |
|  n_0_1298_BUFG       | g_RMS/g_task0_TaskStateReg/s_next_PC_WE[1]                                                             | btnC_IBUF        |                3 |             12 |         4.00 |
|  n_0_1298_BUFG       | g_RMS/g_task0_TaskStateReg/s_next_PC_WE[0]                                                             | btnC_IBUF        |                2 |             12 |         6.00 |
|  n_0_1298_BUFG       | g_RMS/g_task0_TaskStateReg/s_next_PC_WE[2]                                                             | btnC_IBUF        |                3 |             12 |         4.00 |
|  n_0_1298_BUFG       | g_RMS/g_task0_TaskStateReg/s_next_PC_WE[3]                                                             | btnC_IBUF        |                4 |             12 |         3.00 |
|  JA_OBUF_BUFG[3]     | g_OLED_interface/g_Nbit_MOSI_SPI_Buffer_Combined/g_Nbit_MOSI_SPI_Buffer/s_byte_reg[4]_i_1_n_1          | btnC_IBUF        |                5 |             14 |         2.80 |
|  JA_OBUF_BUFG[3]     |                                                                                                        | btnC_IBUF        |                8 |             19 |         2.38 |
|  n_0_1298_BUFG       |                                                                                                        | btnC_IBUF        |               12 |             26 |         2.17 |
|  n_0_1298_BUFG       | g_RMS/g_TaskControl/s_Task2_Deadline[31]_i_1_n_1                                                       | btnC_IBUF        |                9 |             29 |         3.22 |
|  n_0_1298_BUFG       | g_RMS/g_TaskControl/s_Task3_Deadline[31]_i_1_n_1                                                       | btnC_IBUF        |               11 |             29 |         2.64 |
|  n_0_1298_BUFG       | g_RMS/g_TaskControl/s_Task4_Deadline[31]_i_1_n_1                                                       | btnC_IBUF        |                7 |             29 |         4.14 |
|  n_0_1298_BUFG       | g_RMS/g_TaskControl/s_Task0_Deadline[31]_i_1_n_1                                                       | btnC_IBUF        |                8 |             30 |         3.75 |
|  n_0_1298_BUFG       | g_RMS/g_TaskControl/s_Task1_Deadline[31]_i_1_n_1                                                       | btnC_IBUF        |               11 |             30 |         2.73 |
|  JA_OBUF_BUFG[3]     | g_OLED_interface/s_count_reg[31]_i_1_n_1                                                               | btnC_IBUF        |               12 |             32 |         2.67 |
|  JA_OBUF_BUFG[3]     | g_OLED_interface/g_Nbit_MOSI_SPI_Buffer_Combined/g_Nbit_MOSI_SPI/E[0]                                  | btnC_IBUF        |                6 |             33 |         5.50 |
|  CLK100MHZ_IBUF_BUFG |                                                                                                        | btnC_IBUF        |               18 |             66 |         3.67 |
|  JA_OBUF_BUFG[3]     | g_OLED_interface/g_Nbit_MOSI_SPI_Buffer_Combined/g_Nbit_MOSI_SPI/s_state_reg_reg[0]_rep__3[0]          | btnC_IBUF        |              115 |            652 |         5.67 |
+----------------------+--------------------------------------------------------------------------------------------------------+------------------+------------------+----------------+--------------+


