In clock cycle: 0
Register Write to Reg: 0x02 Val: 0x00000004
In clock cycle: 1
Register Write to Reg: 0x01 Val: 0x10010000
In clock cycle: 2
Register Write to Reg: 0x04 Val: 0x1001001A
In clock cycle: 4
Register Write to Reg: 0x08 Val: 0x00000064
In clock cycle: 6
Register Write to Reg: 0x02 Val: 0x00000004
In clock cycle: 7
Register Write to Reg: 0x01 Val: 0x10010000
In clock cycle: 8
Register Write to Reg: 0x04 Val: 0x10010000
In clock cycle: 10
Register Write to Reg: 0x02 Val: 0x00000004
In clock cycle: 11
Register Write to Reg: 0x01 Val: 0x10010000
In clock cycle: 12
Register Write to Reg: 0x04 Val: 0x10010022
In clock cycle: 14
Register Write to Reg: 0x08 Val: 0xFFFFFF9C
In clock cycle: 16
Register Write to Reg: 0x02 Val: 0x00000004
In clock cycle: 17
Register Write to Reg: 0x01 Val: 0x10010000
In clock cycle: 18
Register Write to Reg: 0x04 Val: 0x10010000
In clock cycle: 21
Register Write to Reg: 0x02 Val: 0x00000004
In clock cycle: 22
Register Write to Reg: 0x01 Val: 0x10010000
In clock cycle: 23
Register Write to Reg: 0x04 Val: 0x1001002A
In clock cycle: 25
Register Write to Reg: 0x08 Val: 0x00000000
In clock cycle: 27
Register Write to Reg: 0x02 Val: 0x00000004
In clock cycle: 28
Register Write to Reg: 0x01 Val: 0x10010000
In clock cycle: 29
Register Write to Reg: 0x04 Val: 0x10010000
Execution is stopping! Clock Cycle: 32
