Reading pref.tcl

# 2022.2

# vsim -postsimdataflow -debugdb -c -voptargs=""+acc"" tb -do "modelsim_framework.do" -gOUTPUT_TRACE=ms.trace 
# Start time: 22:57:03 on Mar 22,2023
# ** Note: (vsim-8009) Loading existing optimized design _opt
# //  Questa Sim-64
# //  Version 2022.2 linux_x86_64 Apr 25 2022
# //
# //  Copyright 1991-2022 Mentor Graphics Corporation
# //  All Rights Reserved.
# //
# //  QuestaSim and its associated documentation contain trade
# //  secrets and commercial or financial information that are the property of
# //  Mentor Graphics Corporation and are privileged, confidential,
# //  and exempt from disclosure under the Freedom of Information Act,
# //  5 U.S.C. Section 552. Furthermore, this information
# //  is prohibited from disclosure under the Trade Secrets Act,
# //  18 U.S.C. Section 1905.
# //
# Loading std.standard
# Loading std.textio(body)
# Loading ieee.std_logic_1164(body)
# Loading ieee.std_logic_textio(body)
# Loading std.env(body)
# Loading work.tb(mixed)#1
# Loading ieee.numeric_std(body)
# Loading work.mips_types(body)
# Loading work.mips_processor(mixed)#1
# Loading work.mem(rtl)#1
# Loading work.fetch(mixed)#1
# Loading work.program_counter(datapath)#1
# Loading work.ripple_adder(structural)#1
# Loading work.full_adder(behavorial)#1
# Loading work.control(dataflow)#1
# Loading work.reg_file(structural)#1
# Loading work.decoder_5t32(dataflow)#1
# Loading work.reg_n(structural)#1
# Loading work.dffg(mixed)#1
# Loading work.mux_32t1_32b(dataflow)#1
# Loading work.extend_16t32(dataflow)#1
# Loading work.alu(mixed)#1
# Loading work.adder_subber(structural)#1
# Loading work.ones_comp(structural)#1
# Loading work.invg(dataflow)#1
# Loading work.mux2t1_n(dataflow)#1
# Loading work.logic(structural)#1
# Loading work.shift(structural)#1
# Loading work.mux2t1_n(dataflow)#2
# Loading work.branch(structural)#1
# Loading work.ripple_adder(structural)#2
# ** Note: (vsim-8716) Reusing existing debug database vsim.dbg.
# do modelsim_framework.do
# ** Warning: NUMERIC_STD.TO_INTEGER: metavalue detected, returning 0
#    Time: 0 ns  Iteration: 0  Instance: /tb/MyMips/g_reg_File/G_MUX_RT
# ** Warning: NUMERIC_STD.TO_INTEGER: metavalue detected, returning 0
#    Time: 0 ns  Iteration: 0  Instance: /tb/MyMips/g_reg_File/G_MUX_RS
# ** Warning: NUMERIC_STD.TO_INTEGER: metavalue detected, returning 0
#    Time: 0 ns  Iteration: 0  Instance: /tb/MyMips/DMem
# ** Warning: NUMERIC_STD.TO_INTEGER: metavalue detected, returning 0
#    Time: 0 ns  Iteration: 0  Instance: /tb/MyMips/IMem
# ** Warning: NUMERIC_STD.TO_INTEGER: metavalue detected, returning 0
#    Time: 0 ns  Iteration: 4  Instance: /tb/MyMips/DMem
# ** Warning: NUMERIC_STD.TO_INTEGER: metavalue detected, returning 0
#    Time: 0 ns  Iteration: 9  Instance: /tb/MyMips/DMem
# ** Note: Data structure takes 54201704 bytes of memory
#          Process time 0.11 seconds
#          stop
#    Time: 1340 ns  Iteration: 1  Instance: /tb
# Break in Process P_DUMP_STATE at /home/tvgaul/Documents/CPRE 381/cpre381/Project1/internal/testpy/tb.vhd line 150
# Stopped at /home/tvgaul/Documents/CPRE 381/cpre381/Project1/internal/testpy/tb.vhd line 150
# End time: 22:57:04 on Mar 22,2023, Elapsed time: 0:00:01
# Errors: 0, Warnings: 6
