In clock cycle: 0
Register Write to Reg: 0x01 Val: 0x10010000
In clock cycle: 1
Register Write to Reg: 0x04 Val: 0x10010000
In clock cycle: 2
Register Write to Reg: 0x01 Val: 0x10010000
In clock cycle: 3
Register Write to Reg: 0x05 Val: 0x00000008
In clock cycle: 4
Register Write to Reg: 0x08 Val: 0x00000000
In clock cycle: 5
Register Write to Reg: 0x09 Val: 0x00000007
In clock cycle: 6
Register Write to Reg: 0x0A Val: 0x00000001
In clock cycle: 8
Register Write to Reg: 0x0A Val: 0x00000000
In clock cycle: 9
Register Write to Reg: 0x0B Val: 0x00000007
In clock cycle: 10
Register Write to Reg: 0x0C Val: 0x00000001
In clock cycle: 12
Register Write to Reg: 0x0C Val: 0x00000000
In clock cycle: 13
Register Write to Reg: 0x0D Val: 0x10010000
In clock cycle: 14
Register Write to Reg: 0x0E Val: 0x00000001
In clock cycle: 15
Register Write to Reg: 0x0F Val: 0x00000005
In clock cycle: 16
Register Write to Reg: 0x18 Val: 0x00000000
In clock cycle: 18
Register Write to Reg: 0x0A Val: 0x00000001
In clock cycle: 20
Register Write to Reg: 0x0C Val: 0x00000001
In clock cycle: 22
Register Write to Reg: 0x0C Val: 0x00000004
In clock cycle: 23
Register Write to Reg: 0x0D Val: 0x10010004
In clock cycle: 24
Register Write to Reg: 0x0E Val: 0x00000005
In clock cycle: 25
Register Write to Reg: 0x0F Val: 0x0000006C
In clock cycle: 26
Register Write to Reg: 0x18 Val: 0x00000000
In clock cycle: 28
Register Write to Reg: 0x0A Val: 0x00000002
In clock cycle: 30
Register Write to Reg: 0x0C Val: 0x00000001
In clock cycle: 32
Register Write to Reg: 0x0C Val: 0x00000008
In clock cycle: 33
Register Write to Reg: 0x0D Val: 0x10010008
In clock cycle: 34
Register Write to Reg: 0x0E Val: 0x0000006C
In clock cycle: 35
Register Write to Reg: 0x0F Val: 0x00000C21
In clock cycle: 36
Register Write to Reg: 0x18 Val: 0x00000000
In clock cycle: 38
Register Write to Reg: 0x0A Val: 0x00000003
In clock cycle: 40
Register Write to Reg: 0x0C Val: 0x00000001
In clock cycle: 42
Register Write to Reg: 0x0C Val: 0x0000000C
In clock cycle: 43
Register Write to Reg: 0x0D Val: 0x1001000C
In clock cycle: 44
Register Write to Reg: 0x0E Val: 0x00000C21
In clock cycle: 45
Register Write to Reg: 0x0F Val: 0xFFFFFFFC
In clock cycle: 46
Register Write to Reg: 0x18 Val: 0x00000001
In clock cycle: 48
Memory Write to Addr: 0x1001000C Val: 0xFFFFFFFC
In clock cycle: 49
Memory Write to Addr: 0x10010010 Val: 0x00000C21
In clock cycle: 50
Register Write to Reg: 0x0A Val: 0x00000004
In clock cycle: 52
Register Write to Reg: 0x0C Val: 0x00000001
In clock cycle: 54
Register Write to Reg: 0x0C Val: 0x00000010
In clock cycle: 55
Register Write to Reg: 0x0D Val: 0x10010010
In clock cycle: 56
Register Write to Reg: 0x0E Val: 0x00000C21
In clock cycle: 57
Register Write to Reg: 0x0F Val: 0x00000002
In clock cycle: 58
Register Write to Reg: 0x18 Val: 0x00000001
In clock cycle: 60
Memory Write to Addr: 0x10010010 Val: 0x00000002
In clock cycle: 61
Memory Write to Addr: 0x10010014 Val: 0x00000C21
In clock cycle: 62
Register Write to Reg: 0x0A Val: 0x00000005
In clock cycle: 64
Register Write to Reg: 0x0C Val: 0x00000001
In clock cycle: 66
Register Write to Reg: 0x0C Val: 0x00000014
In clock cycle: 67
Register Write to Reg: 0x0D Val: 0x10010014
In clock cycle: 68
Register Write to Reg: 0x0E Val: 0x00000C21
In clock cycle: 69
Register Write to Reg: 0x0F Val: 0xFFFFFFBC
In clock cycle: 70
Register Write to Reg: 0x18 Val: 0x00000001
In clock cycle: 72
Memory Write to Addr: 0x10010014 Val: 0xFFFFFFBC
In clock cycle: 73
Memory Write to Addr: 0x10010018 Val: 0x00000C21
In clock cycle: 74
Register Write to Reg: 0x0A Val: 0x00000006
In clock cycle: 76
Register Write to Reg: 0x0C Val: 0x00000001
In clock cycle: 78
Register Write to Reg: 0x0C Val: 0x00000018
In clock cycle: 79
Register Write to Reg: 0x0D Val: 0x10010018
In clock cycle: 80
Register Write to Reg: 0x0E Val: 0x00000C21
In clock cycle: 81
Register Write to Reg: 0x0F Val: 0x00000013
In clock cycle: 82
Register Write to Reg: 0x18 Val: 0x00000001
In clock cycle: 84
Memory Write to Addr: 0x10010018 Val: 0x00000013
In clock cycle: 85
Memory Write to Addr: 0x1001001C Val: 0x00000C21
In clock cycle: 86
Register Write to Reg: 0x0A Val: 0x00000007
In clock cycle: 88
Register Write to Reg: 0x0C Val: 0x00000000
In clock cycle: 90
Register Write to Reg: 0x08 Val: 0x00000001
In clock cycle: 92
Register Write to Reg: 0x0A Val: 0x00000001
In clock cycle: 94
Register Write to Reg: 0x0A Val: 0x00000000
In clock cycle: 95
Register Write to Reg: 0x0B Val: 0x00000006
In clock cycle: 96
Register Write to Reg: 0x0C Val: 0x00000001
In clock cycle: 98
Register Write to Reg: 0x0C Val: 0x00000000
In clock cycle: 99
Register Write to Reg: 0x0D Val: 0x10010000
In clock cycle: 100
Register Write to Reg: 0x0E Val: 0x00000001
In clock cycle: 101
Register Write to Reg: 0x0F Val: 0x00000005
In clock cycle: 102
Register Write to Reg: 0x18 Val: 0x00000000
In clock cycle: 104
Register Write to Reg: 0x0A Val: 0x00000001
In clock cycle: 106
Register Write to Reg: 0x0C Val: 0x00000001
In clock cycle: 108
Register Write to Reg: 0x0C Val: 0x00000004
In clock cycle: 109
Register Write to Reg: 0x0D Val: 0x10010004
In clock cycle: 110
Register Write to Reg: 0x0E Val: 0x00000005
In clock cycle: 111
Register Write to Reg: 0x0F Val: 0x0000006C
In clock cycle: 112
Register Write to Reg: 0x18 Val: 0x00000000
In clock cycle: 114
Register Write to Reg: 0x0A Val: 0x00000002
In clock cycle: 116
Register Write to Reg: 0x0C Val: 0x00000001
In clock cycle: 118
Register Write to Reg: 0x0C Val: 0x00000008
In clock cycle: 119
Register Write to Reg: 0x0D Val: 0x10010008
In clock cycle: 120
Register Write to Reg: 0x0E Val: 0x0000006C
In clock cycle: 121
Register Write to Reg: 0x0F Val: 0xFFFFFFFC
In clock cycle: 122
Register Write to Reg: 0x18 Val: 0x00000001
In clock cycle: 124
Memory Write to Addr: 0x10010008 Val: 0xFFFFFFFC
In clock cycle: 125
Memory Write to Addr: 0x1001000C Val: 0x0000006C
In clock cycle: 126
Register Write to Reg: 0x0A Val: 0x00000003
In clock cycle: 128
Register Write to Reg: 0x0C Val: 0x00000001
In clock cycle: 130
Register Write to Reg: 0x0C Val: 0x0000000C
In clock cycle: 131
Register Write to Reg: 0x0D Val: 0x1001000C
In clock cycle: 132
Register Write to Reg: 0x0E Val: 0x0000006C
In clock cycle: 133
Register Write to Reg: 0x0F Val: 0x00000002
In clock cycle: 134
Register Write to Reg: 0x18 Val: 0x00000001
In clock cycle: 136
Memory Write to Addr: 0x1001000C Val: 0x00000002
In clock cycle: 137
Memory Write to Addr: 0x10010010 Val: 0x0000006C
In clock cycle: 138
Register Write to Reg: 0x0A Val: 0x00000004
In clock cycle: 140
Register Write to Reg: 0x0C Val: 0x00000001
In clock cycle: 142
Register Write to Reg: 0x0C Val: 0x00000010
In clock cycle: 143
Register Write to Reg: 0x0D Val: 0x10010010
In clock cycle: 144
Register Write to Reg: 0x0E Val: 0x0000006C
In clock cycle: 145
Register Write to Reg: 0x0F Val: 0xFFFFFFBC
In clock cycle: 146
Register Write to Reg: 0x18 Val: 0x00000001
In clock cycle: 148
Memory Write to Addr: 0x10010010 Val: 0xFFFFFFBC
In clock cycle: 149
Memory Write to Addr: 0x10010014 Val: 0x0000006C
In clock cycle: 150
Register Write to Reg: 0x0A Val: 0x00000005
In clock cycle: 152
Register Write to Reg: 0x0C Val: 0x00000001
In clock cycle: 154
Register Write to Reg: 0x0C Val: 0x00000014
In clock cycle: 155
Register Write to Reg: 0x0D Val: 0x10010014
In clock cycle: 156
Register Write to Reg: 0x0E Val: 0x0000006C
In clock cycle: 157
Register Write to Reg: 0x0F Val: 0x00000013
In clock cycle: 158
Register Write to Reg: 0x18 Val: 0x00000001
In clock cycle: 160
Memory Write to Addr: 0x10010014 Val: 0x00000013
In clock cycle: 161
Memory Write to Addr: 0x10010018 Val: 0x0000006C
In clock cycle: 162
Register Write to Reg: 0x0A Val: 0x00000006
In clock cycle: 164
Register Write to Reg: 0x0C Val: 0x00000000
In clock cycle: 166
Register Write to Reg: 0x08 Val: 0x00000002
In clock cycle: 168
Register Write to Reg: 0x0A Val: 0x00000001
In clock cycle: 170
Register Write to Reg: 0x0A Val: 0x00000000
In clock cycle: 171
Register Write to Reg: 0x0B Val: 0x00000005
In clock cycle: 172
Register Write to Reg: 0x0C Val: 0x00000001
In clock cycle: 174
Register Write to Reg: 0x0C Val: 0x00000000
In clock cycle: 175
Register Write to Reg: 0x0D Val: 0x10010000
In clock cycle: 176
Register Write to Reg: 0x0E Val: 0x00000001
In clock cycle: 177
Register Write to Reg: 0x0F Val: 0x00000005
In clock cycle: 178
Register Write to Reg: 0x18 Val: 0x00000000
In clock cycle: 180
Register Write to Reg: 0x0A Val: 0x00000001
In clock cycle: 182
Register Write to Reg: 0x0C Val: 0x00000001
In clock cycle: 184
Register Write to Reg: 0x0C Val: 0x00000004
In clock cycle: 185
Register Write to Reg: 0x0D Val: 0x10010004
In clock cycle: 186
Register Write to Reg: 0x0E Val: 0x00000005
In clock cycle: 187
Register Write to Reg: 0x0F Val: 0xFFFFFFFC
In clock cycle: 188
Register Write to Reg: 0x18 Val: 0x00000001
In clock cycle: 190
Memory Write to Addr: 0x10010004 Val: 0xFFFFFFFC
In clock cycle: 191
Memory Write to Addr: 0x10010008 Val: 0x00000005
In clock cycle: 192
Register Write to Reg: 0x0A Val: 0x00000002
In clock cycle: 194
Register Write to Reg: 0x0C Val: 0x00000001
In clock cycle: 196
Register Write to Reg: 0x0C Val: 0x00000008
In clock cycle: 197
Register Write to Reg: 0x0D Val: 0x10010008
In clock cycle: 198
Register Write to Reg: 0x0E Val: 0x00000005
In clock cycle: 199
Register Write to Reg: 0x0F Val: 0x00000002
In clock cycle: 200
Register Write to Reg: 0x18 Val: 0x00000001
In clock cycle: 202
Memory Write to Addr: 0x10010008 Val: 0x00000002
In clock cycle: 203
Memory Write to Addr: 0x1001000C Val: 0x00000005
In clock cycle: 204
Register Write to Reg: 0x0A Val: 0x00000003
In clock cycle: 206
Register Write to Reg: 0x0C Val: 0x00000001
In clock cycle: 208
Register Write to Reg: 0x0C Val: 0x0000000C
In clock cycle: 209
Register Write to Reg: 0x0D Val: 0x1001000C
In clock cycle: 210
Register Write to Reg: 0x0E Val: 0x00000005
In clock cycle: 211
Register Write to Reg: 0x0F Val: 0xFFFFFFBC
In clock cycle: 212
Register Write to Reg: 0x18 Val: 0x00000001
In clock cycle: 214
Memory Write to Addr: 0x1001000C Val: 0xFFFFFFBC
In clock cycle: 215
Memory Write to Addr: 0x10010010 Val: 0x00000005
In clock cycle: 216
Register Write to Reg: 0x0A Val: 0x00000004
In clock cycle: 218
Register Write to Reg: 0x0C Val: 0x00000001
In clock cycle: 220
Register Write to Reg: 0x0C Val: 0x00000010
In clock cycle: 221
Register Write to Reg: 0x0D Val: 0x10010010
In clock cycle: 222
Register Write to Reg: 0x0E Val: 0x00000005
In clock cycle: 223
Register Write to Reg: 0x0F Val: 0x00000013
In clock cycle: 224
Register Write to Reg: 0x18 Val: 0x00000000
In clock cycle: 226
Register Write to Reg: 0x0A Val: 0x00000005
In clock cycle: 228
Register Write to Reg: 0x0C Val: 0x00000000
In clock cycle: 230
Register Write to Reg: 0x08 Val: 0x00000003
In clock cycle: 232
Register Write to Reg: 0x0A Val: 0x00000001
In clock cycle: 234
Register Write to Reg: 0x0A Val: 0x00000000
In clock cycle: 235
Register Write to Reg: 0x0B Val: 0x00000004
In clock cycle: 236
Register Write to Reg: 0x0C Val: 0x00000001
In clock cycle: 238
Register Write to Reg: 0x0C Val: 0x00000000
In clock cycle: 239
Register Write to Reg: 0x0D Val: 0x10010000
In clock cycle: 240
Register Write to Reg: 0x0E Val: 0x00000001
In clock cycle: 241
Register Write to Reg: 0x0F Val: 0xFFFFFFFC
In clock cycle: 242
Register Write to Reg: 0x18 Val: 0x00000001
In clock cycle: 244
Memory Write to Addr: 0x10010000 Val: 0xFFFFFFFC
In clock cycle: 245
Memory Write to Addr: 0x10010004 Val: 0x00000001
In clock cycle: 246
Register Write to Reg: 0x0A Val: 0x00000001
In clock cycle: 248
Register Write to Reg: 0x0C Val: 0x00000001
In clock cycle: 250
Register Write to Reg: 0x0C Val: 0x00000004
In clock cycle: 251
Register Write to Reg: 0x0D Val: 0x10010004
In clock cycle: 252
Register Write to Reg: 0x0E Val: 0x00000001
In clock cycle: 253
Register Write to Reg: 0x0F Val: 0x00000002
In clock cycle: 254
Register Write to Reg: 0x18 Val: 0x00000000
In clock cycle: 256
Register Write to Reg: 0x0A Val: 0x00000002
In clock cycle: 258
Register Write to Reg: 0x0C Val: 0x00000001
In clock cycle: 260
Register Write to Reg: 0x0C Val: 0x00000008
In clock cycle: 261
Register Write to Reg: 0x0D Val: 0x10010008
In clock cycle: 262
Register Write to Reg: 0x0E Val: 0x00000002
In clock cycle: 263
Register Write to Reg: 0x0F Val: 0xFFFFFFBC
In clock cycle: 264
Register Write to Reg: 0x18 Val: 0x00000001
In clock cycle: 266
Memory Write to Addr: 0x10010008 Val: 0xFFFFFFBC
In clock cycle: 267
Memory Write to Addr: 0x1001000C Val: 0x00000002
In clock cycle: 268
Register Write to Reg: 0x0A Val: 0x00000003
In clock cycle: 270
Register Write to Reg: 0x0C Val: 0x00000001
In clock cycle: 272
Register Write to Reg: 0x0C Val: 0x0000000C
In clock cycle: 273
Register Write to Reg: 0x0D Val: 0x1001000C
In clock cycle: 274
Register Write to Reg: 0x0E Val: 0x00000002
In clock cycle: 275
Register Write to Reg: 0x0F Val: 0x00000005
In clock cycle: 276
Register Write to Reg: 0x18 Val: 0x00000000
In clock cycle: 278
Register Write to Reg: 0x0A Val: 0x00000004
In clock cycle: 280
Register Write to Reg: 0x0C Val: 0x00000000
In clock cycle: 282
Register Write to Reg: 0x08 Val: 0x00000004
In clock cycle: 284
Register Write to Reg: 0x0A Val: 0x00000001
In clock cycle: 286
Register Write to Reg: 0x0A Val: 0x00000000
In clock cycle: 287
Register Write to Reg: 0x0B Val: 0x00000003
In clock cycle: 288
Register Write to Reg: 0x0C Val: 0x00000001
In clock cycle: 290
Register Write to Reg: 0x0C Val: 0x00000000
In clock cycle: 291
Register Write to Reg: 0x0D Val: 0x10010000
In clock cycle: 292
Register Write to Reg: 0x0E Val: 0xFFFFFFFC
In clock cycle: 293
Register Write to Reg: 0x0F Val: 0x00000001
In clock cycle: 294
Register Write to Reg: 0x18 Val: 0x00000000
In clock cycle: 296
Register Write to Reg: 0x0A Val: 0x00000001
In clock cycle: 298
Register Write to Reg: 0x0C Val: 0x00000001
In clock cycle: 300
Register Write to Reg: 0x0C Val: 0x00000004
In clock cycle: 301
Register Write to Reg: 0x0D Val: 0x10010004
In clock cycle: 302
Register Write to Reg: 0x0E Val: 0x00000001
In clock cycle: 303
Register Write to Reg: 0x0F Val: 0xFFFFFFBC
In clock cycle: 304
Register Write to Reg: 0x18 Val: 0x00000001
In clock cycle: 306
Memory Write to Addr: 0x10010004 Val: 0xFFFFFFBC
In clock cycle: 307
Memory Write to Addr: 0x10010008 Val: 0x00000001
In clock cycle: 308
Register Write to Reg: 0x0A Val: 0x00000002
In clock cycle: 310
Register Write to Reg: 0x0C Val: 0x00000001
In clock cycle: 312
Register Write to Reg: 0x0C Val: 0x00000008
In clock cycle: 313
Register Write to Reg: 0x0D Val: 0x10010008
In clock cycle: 314
Register Write to Reg: 0x0E Val: 0x00000001
In clock cycle: 315
Register Write to Reg: 0x0F Val: 0x00000002
In clock cycle: 316
Register Write to Reg: 0x18 Val: 0x00000000
In clock cycle: 318
Register Write to Reg: 0x0A Val: 0x00000003
In clock cycle: 320
Register Write to Reg: 0x0C Val: 0x00000000
In clock cycle: 322
Register Write to Reg: 0x08 Val: 0x00000005
In clock cycle: 324
Register Write to Reg: 0x0A Val: 0x00000001
In clock cycle: 326
Register Write to Reg: 0x0A Val: 0x00000000
In clock cycle: 327
Register Write to Reg: 0x0B Val: 0x00000002
In clock cycle: 328
Register Write to Reg: 0x0C Val: 0x00000001
In clock cycle: 330
Register Write to Reg: 0x0C Val: 0x00000000
In clock cycle: 331
Register Write to Reg: 0x0D Val: 0x10010000
In clock cycle: 332
Register Write to Reg: 0x0E Val: 0xFFFFFFFC
In clock cycle: 333
Register Write to Reg: 0x0F Val: 0xFFFFFFBC
In clock cycle: 334
Register Write to Reg: 0x18 Val: 0x00000001
In clock cycle: 336
Memory Write to Addr: 0x10010000 Val: 0xFFFFFFBC
In clock cycle: 337
Memory Write to Addr: 0x10010004 Val: 0xFFFFFFFC
In clock cycle: 338
Register Write to Reg: 0x0A Val: 0x00000001
In clock cycle: 340
Register Write to Reg: 0x0C Val: 0x00000001
In clock cycle: 342
Register Write to Reg: 0x0C Val: 0x00000004
In clock cycle: 343
Register Write to Reg: 0x0D Val: 0x10010004
In clock cycle: 344
Register Write to Reg: 0x0E Val: 0xFFFFFFFC
In clock cycle: 345
Register Write to Reg: 0x0F Val: 0x00000001
In clock cycle: 346
Register Write to Reg: 0x18 Val: 0x00000000
In clock cycle: 348
Register Write to Reg: 0x0A Val: 0x00000002
In clock cycle: 350
Register Write to Reg: 0x0C Val: 0x00000000
In clock cycle: 352
Register Write to Reg: 0x08 Val: 0x00000006
In clock cycle: 354
Register Write to Reg: 0x0A Val: 0x00000001
In clock cycle: 356
Register Write to Reg: 0x0A Val: 0x00000000
In clock cycle: 357
Register Write to Reg: 0x0B Val: 0x00000001
In clock cycle: 358
Register Write to Reg: 0x0C Val: 0x00000001
In clock cycle: 360
Register Write to Reg: 0x0C Val: 0x00000000
In clock cycle: 361
Register Write to Reg: 0x0D Val: 0x10010000
In clock cycle: 362
Register Write to Reg: 0x0E Val: 0xFFFFFFBC
In clock cycle: 363
Register Write to Reg: 0x0F Val: 0xFFFFFFFC
In clock cycle: 364
Register Write to Reg: 0x18 Val: 0x00000000
In clock cycle: 366
Register Write to Reg: 0x0A Val: 0x00000001
In clock cycle: 368
Register Write to Reg: 0x0C Val: 0x00000000
In clock cycle: 370
Register Write to Reg: 0x08 Val: 0x00000007
In clock cycle: 372
Register Write to Reg: 0x0A Val: 0x00000000
Execution is stopping! Clock Cycle: 374
